-------------------------------------------------------------------------------
Test set: com.example.demo.DemoApplicationTests
-------------------------------------------------------------------------------
Tests run: 1, Failures: 0, Errors: 1, Skipped: 0, Time elapsed: 1.63 s <<< FAILURE! - in com.example.demo.DemoApplicationTests
contextLoads  Time elapsed: 0.001 s  <<< ERROR!
java.lang.IllegalStateException: Failed to load ApplicationContext
Caused by: org.springframework.beans.factory.BeanCreationException: 
Error creating bean with name 'liquibase' defined in class path resource [org/springframework/boot/autoconfigure/liquibase/LiquibaseAutoConfiguration$LiquibaseConfiguration.class]: Invocation of init method failed; nested exception is liquibase.exception.ChangeLogParseException: liquibase.exception.SetupException: The file db/db.changelog-1.0.xml was not found in
    - Spring resources
Specifying files by absolute path was removed in Liquibase 4.0. Please use a relative path or add '/' to the classpath parameter.
Caused by: liquibase.exception.ChangeLogParseException: 
liquibase.exception.SetupException: The file db/db.changelog-1.0.xml was not found in
    - Spring resources
Specifying files by absolute path was removed in Liquibase 4.0. Please use a relative path or add '/' to the classpath parameter.
Caused by: liquibase.exception.SetupException: 
The file db/db.changelog-1.0.xml was not found in
    - Spring resources
Specifying files by absolute path was removed in Liquibase 4.0. Please use a relative path or add '/' to the classpath parameter.
Caused by: liquibase.exception.ChangeLogParseException: 
The file db/db.changelog-1.0.xml was not found in
    - Spring resources
Specifying files by absolute path was removed in Liquibase 4.0. Please use a relative path or add '/' to the classpath parameter.

